[Wed, 28 Nov 2012 20:43:50 GMT] INFO Server starting with config: {
  "environment": "development",
  "workers": 1,
  "port": 4000,
  "spdy": null,
  "ssl": null,
  "debug": true,
  "rotateWorkers": false,
  "rotationWindow": 7200000,
  "rotationTimeout": 300000,
  "logDir": "C:\\Users\\436321\\Desktop\\ToDo List App\\todo_app\\log",
  "gracefulShutdownTimeout": 30000,
  "heartbeatInterval": 5000,
  "heartbeatWindow": 20000,
  "staticFilePath": "C:\\Users\\436321\\Desktop\\ToDo List App\\todo_app\\public",
  "sessions": {
    "store": "memory",
    "key": "sid",
    "expiry": 1209600
  },
  "cookieSessionKey": "sdata",
  "metrics": null,
  "i18n": {
    "defaultLocale": "en-us",
    "loadPaths": [
      "C:\\Users\\436321\\Desktop\\ToDo List App\\todo_app\\config\\locales"
    ]
  },
  "hostname": "localhost",
  "fullHostname": "http://localhost:4000",
  "connectCompatibility": false,
  "detailedErrors": true,
  "model": {
    "defaultAdapter": "memory"
  }
}
[Wed, 28 Nov 2012 20:43:50 GMT] INFO Creating 1 worker process.
[Wed, 28 Nov 2012 20:43:50 GMT] INFO Server worker running in development on port 4000 with a PID of: 5288
[Wed, 28 Nov 2012 20:43:50 GMT] DEBUG LOGGING STARTED ============================================
[Wed, 28 Nov 2012 20:43:50 GMT] DEBUG ============================================================
